This is pdfTeX, Version 3.141592653-2.6-1.40.25 (TeX Live 2023/nixos.org) (preloaded format=pdflatex 1980.1.1)  5 MAY 2025 14:26
entering extended mode
 restricted \write18 enabled.
 file:line:error style messages enabled.
 %&-line parsing enabled.
**main.tex
(./main.tex
LaTeX2e <2023-11-01> patch level 1
L3 programming layer <2024-02-20>
(/nix/store/pwinl16ra67ia9iljw6kczkblbxay892-texlive-2023-env-texmfdist/tex/latex/base/report.cls
Document Class: report 2023/05/17 v1.4n Standard LaTeX document class
(/nix/store/pwinl16ra67ia9iljw6kczkblbxay892-texlive-2023-env-texmfdist/tex/latex/base/size12.clo
File: size12.clo 2023/05/17 v1.4n Standard LaTeX file (size option)
)
\c@part=\count188
\c@chapter=\count189
\c@section=\count190
\c@subsection=\count191
\c@subsubsection=\count192
\c@paragraph=\count193
\c@subparagraph=\count194
\c@figure=\count195
\c@table=\count196
\abovecaptionskip=\skip48
\belowcaptionskip=\skip49
\bibindent=\dimen140
) (/nix/store/pwinl16ra67ia9iljw6kczkblbxay892-texlive-2023-env-texmfdist/tex/latex/geometry/geometry.sty
Package: geometry 2020/01/02 v5.9 Page Geometry
 (/nix/store/pwinl16ra67ia9iljw6kczkblbxay892-texlive-2023-env-texmfdist/tex/latex/graphics/keyval.sty
Package: keyval 2022/05/29 v1.15 key=value parser (DPC)
\KV@toks@=\toks17
) (/nix/store/pwinl16ra67ia9iljw6kczkblbxay892-texlive-2023-env-texmfdist/tex/generic/iftex/ifvtex.sty
Package: ifvtex 2019/10/25 v1.7 ifvtex legacy package. Use iftex instead.
 (/nix/store/pwinl16ra67ia9iljw6kczkblbxay892-texlive-2023-env-texmfdist/tex/generic/iftex/iftex.sty
Package: iftex 2022/02/03 v1.0f TeX engine tests
))
\Gm@cnth=\count197
\Gm@cntv=\count198
\c@Gm@tempcnt=\count199
\Gm@bindingoffset=\dimen141
\Gm@wd@mp=\dimen142
\Gm@odd@mp=\dimen143
\Gm@even@mp=\dimen144
\Gm@layoutwidth=\dimen145
\Gm@layoutheight=\dimen146
\Gm@layouthoffset=\dimen147
\Gm@layoutvoffset=\dimen148
\Gm@dimlist=\toks18
) (/nix/store/pwinl16ra67ia9iljw6kczkblbxay892-texlive-2023-env-texmfdist/tex/latex/setspace/setspace.sty
Package: setspace 2022/12/04 v6.7b set line spacing
) (/nix/store/pwinl16ra67ia9iljw6kczkblbxay892-texlive-2023-env-texmfdist/tex/latex/xcolor/xcolor.sty
Package: xcolor 2023/11/15 v3.01 LaTeX color extensions (UK)
 (/nix/store/pwinl16ra67ia9iljw6kczkblbxay892-texlive-2023-env-texmfdist/tex/latex/graphics-cfg/color.cfg
File: color.cfg 2016/01/02 v1.6 sample color configuration
)
Package xcolor Info: Driver file: pdftex.def on input line 274.
 (/nix/store/pwinl16ra67ia9iljw6kczkblbxay892-texlive-2023-env-texmfdist/tex/latex/graphics-def/pdftex.def
File: pdftex.def 2022/09/22 v1.2b Graphics/color driver for pdftex
) (/nix/store/pwinl16ra67ia9iljw6kczkblbxay892-texlive-2023-env-texmfdist/tex/latex/graphics/mathcolor.ltx)
Package xcolor Info: Model `cmy' substituted by `cmy0' on input line 1350.
Package xcolor Info: Model `hsb' substituted by `rgb' on input line 1354.
Package xcolor Info: Model `RGB' extended on input line 1366.
Package xcolor Info: Model `HTML' substituted by `rgb' on input line 1368.
Package xcolor Info: Model `Hsb' substituted by `hsb' on input line 1369.
Package xcolor Info: Model `tHsb' substituted by `hsb' on input line 1370.
Package xcolor Info: Model `HSB' substituted by `hsb' on input line 1371.
Package xcolor Info: Model `Gray' substituted by `gray' on input line 1372.
Package xcolor Info: Model `wave' substituted by `hsb' on input line 1373.
) (/nix/store/pwinl16ra67ia9iljw6kczkblbxay892-texlive-2023-env-texmfdist/tex/latex/pagecolor/pagecolor.sty
Package: pagecolor 2023-04-18 v1.2c Provides thepagecolor (HMM)
 (/nix/store/pwinl16ra67ia9iljw6kczkblbxay892-texlive-2023-env-texmfdist/tex/latex/kvoptions/kvoptions.sty
Package: kvoptions 2022-06-15 v3.15 Key value format for package options (HO)
 (/nix/store/pwinl16ra67ia9iljw6kczkblbxay892-texlive-2023-env-texmfdist/tex/generic/ltxcmds/ltxcmds.sty
Package: ltxcmds 2023-12-04 v1.26 LaTeX kernel commands for general use (HO)
) (/nix/store/pwinl16ra67ia9iljw6kczkblbxay892-texlive-2023-env-texmfdist/tex/latex/kvsetkeys/kvsetkeys.sty
Package: kvsetkeys 2022-10-05 v1.19 Key value parser (HO)
))) (/nix/store/pwinl16ra67ia9iljw6kczkblbxay892-texlive-2023-env-texmfdist/tex/latex/base/inputenc.sty
Package: inputenc 2021/02/14 v1.3d Input encoding file
\inpenc@prehook=\toks19
\inpenc@posthook=\toks20
) (/nix/store/pwinl16ra67ia9iljw6kczkblbxay892-texlive-2023-env-texmfdist/tex/generic/babel/babel.sty
Package: babel 2024/02/07 v24.2 The Babel package
\babel@savecnt=\count266
\U@D=\dimen149
\l@unhyphenated=\language89
 (/nix/store/pwinl16ra67ia9iljw6kczkblbxay892-texlive-2023-env-texmfdist/tex/generic/babel/txtbabel.def)
\bbl@readstream=\read2
\bbl@dirlevel=\count267
 (/nix/store/pwinl16ra67ia9iljw6kczkblbxay892-texlive-2023-env-texmfdist/tex/generic/babel-english/english.ldf
Language: english 2017/06/06 v3.3r English support from the babel system
Package babel Info: Hyphen rules for 'canadian' set to \l@english
(babel)             (\language0). Reported on input line 102.
Package babel Info: Hyphen rules for 'australian' set to \l@ukenglish
(babel)             (\language23). Reported on input line 105.
Package babel Info: Hyphen rules for 'newzealand' set to \l@ukenglish
(babel)             (\language23). Reported on input line 108.
)) (/nix/store/pwinl16ra67ia9iljw6kczkblbxay892-texlive-2023-env-texmfdist/tex/generic/babel/locale/en/babel-english.tex
Package babel Info: Importing font and identification data for english
(babel)             from babel-en.ini. Reported on input line 11.
)
(/nix/store/pwinl16ra67ia9iljw6kczkblbxay892-texlive-2023-env-texmfdist/tex/latex/booktabs/booktabs.sty
Package: booktabs 2020/01/12 v1.61803398 Publication quality tables
\heavyrulewidth=\dimen150
\lightrulewidth=\dimen151
\cmidrulewidth=\dimen152
\belowrulesep=\dimen153
\belowbottomsep=\dimen154
\aboverulesep=\dimen155
\abovetopsep=\dimen156
\cmidrulesep=\dimen157
\cmidrulekern=\dimen158
\defaultaddspace=\dimen159
\@cmidla=\count268
\@cmidlb=\count269
\@aboverulesep=\dimen160
\@belowrulesep=\dimen161
\@thisruleclass=\count270
\@lastruleclass=\count271
\@thisrulewidth=\dimen162
) (/nix/store/pwinl16ra67ia9iljw6kczkblbxay892-texlive-2023-env-texmfdist/tex/latex/tools/tabularx.sty
Package: tabularx 2023/07/08 v2.11c `tabularx' package (DPC)
 (/nix/store/pwinl16ra67ia9iljw6kczkblbxay892-texlive-2023-env-texmfdist/tex/latex/tools/array.sty
Package: array 2023/10/16 v2.5g Tabular extension package (FMi)
\col@sep=\dimen163
\ar@mcellbox=\box51
\extrarowheight=\dimen164
\NC@list=\toks21
\extratabsurround=\skip50
\backup@length=\skip51
\ar@cellbox=\box52
)
\TX@col@width=\dimen165
\TX@old@table=\dimen166
\TX@old@col=\dimen167
\TX@target=\dimen168
\TX@delta=\dimen169
\TX@cols=\count272
\TX@ftn=\toks22
) (/nix/store/pwinl16ra67ia9iljw6kczkblbxay892-texlive-2023-env-texmfdist/tex/latex/amsmath/amsmath.sty
Package: amsmath 2023/05/13 v2.17o AMS math features
\@mathmargin=\skip52

For additional information on amsmath, use the `?' option.
(/nix/store/pwinl16ra67ia9iljw6kczkblbxay892-texlive-2023-env-texmfdist/tex/latex/amsmath/amstext.sty
Package: amstext 2021/08/26 v2.01 AMS text
 (/nix/store/pwinl16ra67ia9iljw6kczkblbxay892-texlive-2023-env-texmfdist/tex/latex/amsmath/amsgen.sty
File: amsgen.sty 1999/11/30 v2.0 generic functions
\@emptytoks=\toks23
\ex@=\dimen170
)) (/nix/store/pwinl16ra67ia9iljw6kczkblbxay892-texlive-2023-env-texmfdist/tex/latex/amsmath/amsbsy.sty
Package: amsbsy 1999/11/29 v1.2d Bold Symbols
\pmbraise@=\dimen171
) (/nix/store/pwinl16ra67ia9iljw6kczkblbxay892-texlive-2023-env-texmfdist/tex/latex/amsmath/amsopn.sty
Package: amsopn 2022/04/08 v2.04 operator names
)
\inf@bad=\count273
LaTeX Info: Redefining \frac on input line 234.
\uproot@=\count274
\leftroot@=\count275
LaTeX Info: Redefining \overline on input line 399.
LaTeX Info: Redefining \colon on input line 410.
\classnum@=\count276
\DOTSCASE@=\count277
LaTeX Info: Redefining \ldots on input line 496.
LaTeX Info: Redefining \dots on input line 499.
LaTeX Info: Redefining \cdots on input line 620.
\Mathstrutbox@=\box53
\strutbox@=\box54
LaTeX Info: Redefining \big on input line 722.
LaTeX Info: Redefining \Big on input line 723.
LaTeX Info: Redefining \bigg on input line 724.
LaTeX Info: Redefining \Bigg on input line 725.
\big@size=\dimen172
LaTeX Font Info:    Redeclaring font encoding OML on input line 743.
LaTeX Font Info:    Redeclaring font encoding OMS on input line 744.
\macc@depth=\count278
LaTeX Info: Redefining \bmod on input line 905.
LaTeX Info: Redefining \pmod on input line 910.
LaTeX Info: Redefining \smash on input line 940.
LaTeX Info: Redefining \relbar on input line 970.
LaTeX Info: Redefining \Relbar on input line 971.
\c@MaxMatrixCols=\count279
\dotsspace@=\muskip16
\c@parentequation=\count280
\dspbrk@lvl=\count281
\tag@help=\toks24
\row@=\count282
\column@=\count283
\maxfields@=\count284
\andhelp@=\toks25
\eqnshift@=\dimen173
\alignsep@=\dimen174
\tagshift@=\dimen175
\tagwidth@=\dimen176
\totwidth@=\dimen177
\lineht@=\dimen178
\@envbody=\toks26
\multlinegap=\skip53
\multlinetaggap=\skip54
\mathdisplay@stack=\toks27
LaTeX Info: Redefining \[ on input line 2953.
LaTeX Info: Redefining \] on input line 2954.
) (/nix/store/pwinl16ra67ia9iljw6kczkblbxay892-texlive-2023-env-texmfdist/tex/latex/amsfonts/amssymb.sty
Package: amssymb 2013/01/14 v3.01 AMS font symbols
 (/nix/store/pwinl16ra67ia9iljw6kczkblbxay892-texlive-2023-env-texmfdist/tex/latex/amsfonts/amsfonts.sty
Package: amsfonts 2013/01/14 v3.01 Basic AMSFonts support
\symAMSa=\mathgroup4
\symAMSb=\mathgroup5
LaTeX Font Info:    Redeclaring math symbol \hbar on input line 98.
LaTeX Font Info:    Overwriting math alphabet `\mathfrak' in version `bold'
(Font)                  U/euf/m/n --> U/euf/b/n on input line 106.
)) (/nix/store/pwinl16ra67ia9iljw6kczkblbxay892-texlive-2023-env-texmfdist/tex/latex/amscls/amsthm.sty
Package: amsthm 2020/05/29 v2.20.6
\thm@style=\toks28
\thm@bodyfont=\toks29
\thm@headfont=\toks30
\thm@notefont=\toks31
\thm@headpunct=\toks32
\thm@preskip=\skip55
\thm@postskip=\skip56
\thm@headsep=\skip57
\dth@everypar=\toks33
) (/nix/store/pwinl16ra67ia9iljw6kczkblbxay892-texlive-2023-env-texmfdist/tex/latex/jknapltx/mathrsfs.sty
Package: mathrsfs 1996/01/01 Math RSFS package v1.0 (jk)
\symrsfs=\mathgroup6
) (/nix/store/pwinl16ra67ia9iljw6kczkblbxay892-texlive-2023-env-texmfdist/tex/latex/cancel/cancel.sty
Package: cancel 2013/04/12 v2.2 Cancel math terms
) (/nix/store/pwinl16ra67ia9iljw6kczkblbxay892-texlive-2023-env-texmfdist/tex/latex/natbib/natbib.sty
Package: natbib 2010/09/13 8.31b (PWD, AO)
\bibhang=\skip58
\bibsep=\skip59
LaTeX Info: Redefining \cite on input line 694.
\c@NAT@ctr=\count285
) (/nix/store/pwinl16ra67ia9iljw6kczkblbxay892-texlive-2023-env-texmfdist/tex/latex/tcolorbox/tcolorbox.sty
Package: tcolorbox 2024/01/10 version 6.2.0 text color boxes
 (/nix/store/pwinl16ra67ia9iljw6kczkblbxay892-texlive-2023-env-texmfdist/tex/latex/pgf/basiclayer/pgf.sty (/nix/store/pwinl16ra67ia9iljw6kczkblbxay892-texlive-2023-env-texmfdist/tex/latex/pgf/utilities/pgfrcs.sty (/nix/store/pwinl16ra67ia9iljw6kczkblbxay892-texlive-2023-env-texmfdist/tex/generic/pgf/utilities/pgfutil-common.tex
\pgfutil@everybye=\toks34
\pgfutil@tempdima=\dimen179
\pgfutil@tempdimb=\dimen180
) (/nix/store/pwinl16ra67ia9iljw6kczkblbxay892-texlive-2023-env-texmfdist/tex/generic/pgf/utilities/pgfutil-latex.def
\pgfutil@abb=\box55
) (/nix/store/pwinl16ra67ia9iljw6kczkblbxay892-texlive-2023-env-texmfdist/tex/generic/pgf/utilities/pgfrcs.code.tex (/nix/store/pwinl16ra67ia9iljw6kczkblbxay892-texlive-2023-env-texmfdist/tex/generic/pgf/pgf.revision.tex)
Package: pgfrcs 2023-01-15 v3.1.10 (3.1.10)
))
Package: pgf 2023-01-15 v3.1.10 (3.1.10)
 (/nix/store/pwinl16ra67ia9iljw6kczkblbxay892-texlive-2023-env-texmfdist/tex/latex/pgf/basiclayer/pgfcore.sty
(/nix/store/pwinl16ra67ia9iljw6kczkblbxay892-texlive-2023-env-texmfdist/tex/latex/graphics/graphicx.sty
Package: graphicx 2021/09/16 v1.2d Enhanced LaTeX Graphics (DPC,SPQR)
 (/nix/store/pwinl16ra67ia9iljw6kczkblbxay892-texlive-2023-env-texmfdist/tex/latex/graphics/graphics.sty
Package: graphics 2022/03/10 v1.4e Standard LaTeX Graphics (DPC,SPQR)
 (/nix/store/pwinl16ra67ia9iljw6kczkblbxay892-texlive-2023-env-texmfdist/tex/latex/graphics/trig.sty
Package: trig 2021/08/11 v1.11 sin cos tan (DPC)
) (/nix/store/pwinl16ra67ia9iljw6kczkblbxay892-texlive-2023-env-texmfdist/tex/latex/graphics-cfg/graphics.cfg
File: graphics.cfg 2016/06/04 v1.11 sample graphics configuration
)
Package graphics Info: Driver file: pdftex.def on input line 107.
)
\Gin@req@height=\dimen181
\Gin@req@width=\dimen182
) (/nix/store/pwinl16ra67ia9iljw6kczkblbxay892-texlive-2023-env-texmfdist/tex/latex/pgf/systemlayer/pgfsys.sty (/nix/store/pwinl16ra67ia9iljw6kczkblbxay892-texlive-2023-env-texmfdist/tex/generic/pgf/systemlayer/pgfsys.code.tex
Package: pgfsys 2023-01-15 v3.1.10 (3.1.10)
 (/nix/store/pwinl16ra67ia9iljw6kczkblbxay892-texlive-2023-env-texmfdist/tex/generic/pgf/utilities/pgfkeys.code.tex
\pgfkeys@pathtoks=\toks35
\pgfkeys@temptoks=\toks36
 (/nix/store/pwinl16ra67ia9iljw6kczkblbxay892-texlive-2023-env-texmfdist/tex/generic/pgf/utilities/pgfkeyslibraryfiltered.code.tex
\pgfkeys@tmptoks=\toks37
))
\pgf@x=\dimen183
\pgf@y=\dimen184
\pgf@xa=\dimen185
\pgf@ya=\dimen186
\pgf@xb=\dimen187
\pgf@yb=\dimen188
\pgf@xc=\dimen189
\pgf@yc=\dimen190
\pgf@xd=\dimen191
\pgf@yd=\dimen192
\w@pgf@writea=\write3
\r@pgf@reada=\read3
\c@pgf@counta=\count286
\c@pgf@countb=\count287
\c@pgf@countc=\count288
\c@pgf@countd=\count289
\t@pgf@toka=\toks38
\t@pgf@tokb=\toks39
\t@pgf@tokc=\toks40
\pgf@sys@id@count=\count290
 (/nix/store/pwinl16ra67ia9iljw6kczkblbxay892-texlive-2023-env-texmfdist/tex/generic/pgf/systemlayer/pgf.cfg
File: pgf.cfg 2023-01-15 v3.1.10 (3.1.10)
)
Driver file for pgf: pgfsys-pdftex.def
 (/nix/store/pwinl16ra67ia9iljw6kczkblbxay892-texlive-2023-env-texmfdist/tex/generic/pgf/systemlayer/pgfsys-pdftex.def
File: pgfsys-pdftex.def 2023-01-15 v3.1.10 (3.1.10)
 (/nix/store/pwinl16ra67ia9iljw6kczkblbxay892-texlive-2023-env-texmfdist/tex/generic/pgf/systemlayer/pgfsys-common-pdf.def
File: pgfsys-common-pdf.def 2023-01-15 v3.1.10 (3.1.10)
))) (/nix/store/pwinl16ra67ia9iljw6kczkblbxay892-texlive-2023-env-texmfdist/tex/generic/pgf/systemlayer/pgfsyssoftpath.code.tex
File: pgfsyssoftpath.code.tex 2023-01-15 v3.1.10 (3.1.10)
\pgfsyssoftpath@smallbuffer@items=\count291
\pgfsyssoftpath@bigbuffer@items=\count292
) (/nix/store/pwinl16ra67ia9iljw6kczkblbxay892-texlive-2023-env-texmfdist/tex/generic/pgf/systemlayer/pgfsysprotocol.code.tex
File: pgfsysprotocol.code.tex 2023-01-15 v3.1.10 (3.1.10)
)) (/nix/store/pwinl16ra67ia9iljw6kczkblbxay892-texlive-2023-env-texmfdist/tex/generic/pgf/basiclayer/pgfcore.code.tex
Package: pgfcore 2023-01-15 v3.1.10 (3.1.10)
 (/nix/store/pwinl16ra67ia9iljw6kczkblbxay892-texlive-2023-env-texmfdist/tex/generic/pgf/math/pgfmath.code.tex (/nix/store/pwinl16ra67ia9iljw6kczkblbxay892-texlive-2023-env-texmfdist/tex/generic/pgf/math/pgfmathutil.code.tex) (/nix/store/pwinl16ra67ia9iljw6kczkblbxay892-texlive-2023-env-texmfdist/tex/generic/pgf/math/pgfmathparser.code.tex
\pgfmath@dimen=\dimen193
\pgfmath@count=\count293
\pgfmath@box=\box56
\pgfmath@toks=\toks41
\pgfmath@stack@operand=\toks42
\pgfmath@stack@operation=\toks43
)
(/nix/store/pwinl16ra67ia9iljw6kczkblbxay892-texlive-2023-env-texmfdist/tex/generic/pgf/math/pgfmathfunctions.code.tex) (/nix/store/pwinl16ra67ia9iljw6kczkblbxay892-texlive-2023-env-texmfdist/tex/generic/pgf/math/pgfmathfunctions.basic.code.tex) (/nix/store/pwinl16ra67ia9iljw6kczkblbxay892-texlive-2023-env-texmfdist/tex/generic/pgf/math/pgfmathfunctions.trigonometric.code.tex) (/nix/store/pwinl16ra67ia9iljw6kczkblbxay892-texlive-2023-env-texmfdist/tex/generic/pgf/math/pgfmathfunctions.random.code.tex) (/nix/store/pwinl16ra67ia9iljw6kczkblbxay892-texlive-2023-env-texmfdist/tex/generic/pgf/math/pgfmathfunctions.comparison.code.tex) (/nix/store/pwinl16ra67ia9iljw6kczkblbxay892-texlive-2023-env-texmfdist/tex/generic/pgf/math/pgfmathfunctions.base.code.tex) (/nix/store/pwinl16ra67ia9iljw6kczkblbxay892-texlive-2023-env-texmfdist/tex/generic/pgf/math/pgfmathfunctions.round.code.tex) (/nix/store/pwinl16ra67ia9iljw6kczkblbxay892-texlive-2023-env-texmfdist/tex/generic/pgf/math/pgfmathfunctions.misc.code.tex) (/nix/store/pwinl16ra67ia9iljw6kczkblbxay892-texlive-2023-env-texmfdist/tex/generic/pgf/math/pgfmathfunctions.integerarithmetics.code.tex) (/nix/store/pwinl16ra67ia9iljw6kczkblbxay892-texlive-2023-env-texmfdist/tex/generic/pgf/math/pgfmathcalc.code.tex) (/nix/store/pwinl16ra67ia9iljw6kczkblbxay892-texlive-2023-env-texmfdist/tex/generic/pgf/math/pgfmathfloat.code.tex
\c@pgfmathroundto@lastzeros=\count294
)) (/nix/store/pwinl16ra67ia9iljw6kczkblbxay892-texlive-2023-env-texmfdist/tex/generic/pgf/math/pgfint.code.tex) (/nix/store/pwinl16ra67ia9iljw6kczkblbxay892-texlive-2023-env-texmfdist/tex/generic/pgf/basiclayer/pgfcorepoints.code.tex
File: pgfcorepoints.code.tex 2023-01-15 v3.1.10 (3.1.10)
\pgf@picminx=\dimen194
\pgf@picmaxx=\dimen195
\pgf@picminy=\dimen196
\pgf@picmaxy=\dimen197
\pgf@pathminx=\dimen198
\pgf@pathmaxx=\dimen199
\pgf@pathminy=\dimen256
\pgf@pathmaxy=\dimen257
\pgf@xx=\dimen258
\pgf@xy=\dimen259
\pgf@yx=\dimen260
\pgf@yy=\dimen261
\pgf@zx=\dimen262
\pgf@zy=\dimen263
) (/nix/store/pwinl16ra67ia9iljw6kczkblbxay892-texlive-2023-env-texmfdist/tex/generic/pgf/basiclayer/pgfcorepathconstruct.code.tex
File: pgfcorepathconstruct.code.tex 2023-01-15 v3.1.10 (3.1.10)
\pgf@path@lastx=\dimen264
\pgf@path@lasty=\dimen265
) (/nix/store/pwinl16ra67ia9iljw6kczkblbxay892-texlive-2023-env-texmfdist/tex/generic/pgf/basiclayer/pgfcorepathusage.code.tex
File: pgfcorepathusage.code.tex 2023-01-15 v3.1.10 (3.1.10)
\pgf@shorten@end@additional=\dimen266
\pgf@shorten@start@additional=\dimen267
) (/nix/store/pwinl16ra67ia9iljw6kczkblbxay892-texlive-2023-env-texmfdist/tex/generic/pgf/basiclayer/pgfcorescopes.code.tex
File: pgfcorescopes.code.tex 2023-01-15 v3.1.10 (3.1.10)
\pgfpic=\box57
\pgf@hbox=\box58
\pgf@layerbox@main=\box59
\pgf@picture@serial@count=\count295
)
(/nix/store/pwinl16ra67ia9iljw6kczkblbxay892-texlive-2023-env-texmfdist/tex/generic/pgf/basiclayer/pgfcoregraphicstate.code.tex
File: pgfcoregraphicstate.code.tex 2023-01-15 v3.1.10 (3.1.10)
\pgflinewidth=\dimen268
) (/nix/store/pwinl16ra67ia9iljw6kczkblbxay892-texlive-2023-env-texmfdist/tex/generic/pgf/basiclayer/pgfcoretransformations.code.tex
File: pgfcoretransformations.code.tex 2023-01-15 v3.1.10 (3.1.10)
\pgf@pt@x=\dimen269
\pgf@pt@y=\dimen270
\pgf@pt@temp=\dimen271
) (/nix/store/pwinl16ra67ia9iljw6kczkblbxay892-texlive-2023-env-texmfdist/tex/generic/pgf/basiclayer/pgfcorequick.code.tex
File: pgfcorequick.code.tex 2023-01-15 v3.1.10 (3.1.10)
) (/nix/store/pwinl16ra67ia9iljw6kczkblbxay892-texlive-2023-env-texmfdist/tex/generic/pgf/basiclayer/pgfcoreobjects.code.tex
File: pgfcoreobjects.code.tex 2023-01-15 v3.1.10 (3.1.10)
) (/nix/store/pwinl16ra67ia9iljw6kczkblbxay892-texlive-2023-env-texmfdist/tex/generic/pgf/basiclayer/pgfcorepathprocessing.code.tex
File: pgfcorepathprocessing.code.tex 2023-01-15 v3.1.10 (3.1.10)
) (/nix/store/pwinl16ra67ia9iljw6kczkblbxay892-texlive-2023-env-texmfdist/tex/generic/pgf/basiclayer/pgfcorearrows.code.tex
File: pgfcorearrows.code.tex 2023-01-15 v3.1.10 (3.1.10)
\pgfarrowsep=\dimen272
) (/nix/store/pwinl16ra67ia9iljw6kczkblbxay892-texlive-2023-env-texmfdist/tex/generic/pgf/basiclayer/pgfcoreshade.code.tex
File: pgfcoreshade.code.tex 2023-01-15 v3.1.10 (3.1.10)
\pgf@max=\dimen273
\pgf@sys@shading@range@num=\count296
\pgf@shadingcount=\count297
) (/nix/store/pwinl16ra67ia9iljw6kczkblbxay892-texlive-2023-env-texmfdist/tex/generic/pgf/basiclayer/pgfcoreimage.code.tex
File: pgfcoreimage.code.tex 2023-01-15 v3.1.10 (3.1.10)
) (/nix/store/pwinl16ra67ia9iljw6kczkblbxay892-texlive-2023-env-texmfdist/tex/generic/pgf/basiclayer/pgfcoreexternal.code.tex
File: pgfcoreexternal.code.tex 2023-01-15 v3.1.10 (3.1.10)
\pgfexternal@startupbox=\box60
) (/nix/store/pwinl16ra67ia9iljw6kczkblbxay892-texlive-2023-env-texmfdist/tex/generic/pgf/basiclayer/pgfcorelayers.code.tex
File: pgfcorelayers.code.tex 2023-01-15 v3.1.10 (3.1.10)
) (/nix/store/pwinl16ra67ia9iljw6kczkblbxay892-texlive-2023-env-texmfdist/tex/generic/pgf/basiclayer/pgfcoretransparency.code.tex
File: pgfcoretransparency.code.tex 2023-01-15 v3.1.10 (3.1.10)
) (/nix/store/pwinl16ra67ia9iljw6kczkblbxay892-texlive-2023-env-texmfdist/tex/generic/pgf/basiclayer/pgfcorepatterns.code.tex
File: pgfcorepatterns.code.tex 2023-01-15 v3.1.10 (3.1.10)
) (/nix/store/pwinl16ra67ia9iljw6kczkblbxay892-texlive-2023-env-texmfdist/tex/generic/pgf/basiclayer/pgfcorerdf.code.tex
File: pgfcorerdf.code.tex 2023-01-15 v3.1.10 (3.1.10)
))) (/nix/store/pwinl16ra67ia9iljw6kczkblbxay892-texlive-2023-env-texmfdist/tex/generic/pgf/modules/pgfmoduleshapes.code.tex
File: pgfmoduleshapes.code.tex 2023-01-15 v3.1.10 (3.1.10)
\pgfnodeparttextbox=\box61
) (/nix/store/pwinl16ra67ia9iljw6kczkblbxay892-texlive-2023-env-texmfdist/tex/generic/pgf/modules/pgfmoduleplot.code.tex
File: pgfmoduleplot.code.tex 2023-01-15 v3.1.10 (3.1.10)
) (/nix/store/pwinl16ra67ia9iljw6kczkblbxay892-texlive-2023-env-texmfdist/tex/latex/pgf/compatibility/pgfcomp-version-0-65.sty
Package: pgfcomp-version-0-65 2023-01-15 v3.1.10 (3.1.10)
\pgf@nodesepstart=\dimen274
\pgf@nodesepend=\dimen275
)
(/nix/store/pwinl16ra67ia9iljw6kczkblbxay892-texlive-2023-env-texmfdist/tex/latex/pgf/compatibility/pgfcomp-version-1-18.sty
Package: pgfcomp-version-1-18 2023-01-15 v3.1.10 (3.1.10)
)) (/nix/store/pwinl16ra67ia9iljw6kczkblbxay892-texlive-2023-env-texmfdist/tex/latex/tools/verbatim.sty
Package: verbatim 2023-11-06 v1.5v LaTeX2e package for verbatim enhancements
\every@verbatim=\toks44
\verbatim@line=\toks45
\verbatim@in@stream=\read4
) (/nix/store/pwinl16ra67ia9iljw6kczkblbxay892-texlive-2023-env-texmfdist/tex/latex/environ/environ.sty
Package: environ 2014/05/04 v0.3 A new way to define environments
 (/nix/store/pwinl16ra67ia9iljw6kczkblbxay892-texlive-2023-env-texmfdist/tex/latex/trimspaces/trimspaces.sty
Package: trimspaces 2009/09/17 v1.1 Trim spaces around a token list
)) (/nix/store/pwinl16ra67ia9iljw6kczkblbxay892-texlive-2023-env-texmfdist/tex/latex/etoolbox/etoolbox.sty
Package: etoolbox 2020/10/05 v2.5k e-TeX tools for LaTeX (JAW)
\etb@tempcnta=\count298
)
\tcb@titlebox=\box62
\tcb@upperbox=\box63
\tcb@lowerbox=\box64
\tcb@phantombox=\box65
\c@tcbbreakpart=\count299
\c@tcblayer=\count300
\c@tcolorbox@number=\count301
\l__tcobox_tmpa_box=\box66
\l__tcobox_tmpa_dim=\dimen276
\tcb@temp=\box67
\tcb@temp=\box68
\tcb@temp=\box69
\tcb@temp=\box70
 (/nix/store/pwinl16ra67ia9iljw6kczkblbxay892-texlive-2023-env-texmfdist/tex/latex/tcolorbox/tcbraster.code.tex
Library (tcolorbox): 'tcbraster.code.tex' version '6.2.0'
\c@tcbrastercolumn=\count302
\c@tcbrasterrow=\count303
\c@tcbrasternum=\count304
\c@tcbraster=\count305
) (/nix/store/pwinl16ra67ia9iljw6kczkblbxay892-texlive-2023-env-texmfdist/tex/latex/tcolorbox/tcbskins.code.tex
Library (tcolorbox): 'tcbskins.code.tex' version '6.2.0'
(/nix/store/pwinl16ra67ia9iljw6kczkblbxay892-texlive-2023-env-texmfdist/tex/latex/pgf/frontendlayer/tikz.sty (/nix/store/pwinl16ra67ia9iljw6kczkblbxay892-texlive-2023-env-texmfdist/tex/latex/pgf/utilities/pgffor.sty (/nix/store/pwinl16ra67ia9iljw6kczkblbxay892-texlive-2023-env-texmfdist/tex/latex/pgf/utilities/pgfkeys.sty (/nix/store/pwinl16ra67ia9iljw6kczkblbxay892-texlive-2023-env-texmfdist/tex/generic/pgf/utilities/pgfkeys.code.tex)) (/nix/store/pwinl16ra67ia9iljw6kczkblbxay892-texlive-2023-env-texmfdist/tex/latex/pgf/math/pgfmath.sty (/nix/store/pwinl16ra67ia9iljw6kczkblbxay892-texlive-2023-env-texmfdist/tex/generic/pgf/math/pgfmath.code.tex)) (/nix/store/pwinl16ra67ia9iljw6kczkblbxay892-texlive-2023-env-texmfdist/tex/generic/pgf/utilities/pgffor.code.tex
Package: pgffor 2023-01-15 v3.1.10 (3.1.10)
\pgffor@iter=\dimen277
\pgffor@skip=\dimen278
\pgffor@stack=\toks46
\pgffor@toks=\toks47
)) (/nix/store/pwinl16ra67ia9iljw6kczkblbxay892-texlive-2023-env-texmfdist/tex/generic/pgf/frontendlayer/tikz/tikz.code.tex
Package: tikz 2023-01-15 v3.1.10 (3.1.10)
 (/nix/store/pwinl16ra67ia9iljw6kczkblbxay892-texlive-2023-env-texmfdist/tex/generic/pgf/libraries/pgflibraryplothandlers.code.tex
File: pgflibraryplothandlers.code.tex 2023-01-15 v3.1.10 (3.1.10)
\pgf@plot@mark@count=\count306
\pgfplotmarksize=\dimen279
)
\tikz@lastx=\dimen280
\tikz@lasty=\dimen281
\tikz@lastxsaved=\dimen282
\tikz@lastysaved=\dimen283
\tikz@lastmovetox=\dimen284
\tikz@lastmovetoy=\dimen285
\tikzleveldistance=\dimen286
\tikzsiblingdistance=\dimen287
\tikz@figbox=\box71
\tikz@figbox@bg=\box72
\tikz@tempbox=\box73
\tikz@tempbox@bg=\box74
\tikztreelevel=\count307
\tikznumberofchildren=\count308
\tikznumberofcurrentchild=\count309
\tikz@fig@count=\count310
 (/nix/store/pwinl16ra67ia9iljw6kczkblbxay892-texlive-2023-env-texmfdist/tex/generic/pgf/modules/pgfmodulematrix.code.tex
File: pgfmodulematrix.code.tex 2023-01-15 v3.1.10 (3.1.10)
\pgfmatrixcurrentrow=\count311
\pgfmatrixcurrentcolumn=\count312
\pgf@matrix@numberofcolumns=\count313
)
\tikz@expandcount=\count314
 (/nix/store/pwinl16ra67ia9iljw6kczkblbxay892-texlive-2023-env-texmfdist/tex/generic/pgf/frontendlayer/tikz/libraries/tikzlibrarytopaths.code.tex
File: tikzlibrarytopaths.code.tex 2023-01-15 v3.1.10 (3.1.10)
))) (/nix/store/pwinl16ra67ia9iljw6kczkblbxay892-texlive-2023-env-texmfdist/tex/latex/tikzfill/tikzfill.image.sty
Package: tikzfill.image 2023/08/08 v1.0.1 Image filling library for TikZ
 (/nix/store/pwinl16ra67ia9iljw6kczkblbxay892-texlive-2023-env-texmfdist/tex/latex/tikzfill/tikzfill-common.sty
Package: tikzfill-common 2023/08/08 v1.0.1 Auxiliary code for tikzfill
) (/nix/store/pwinl16ra67ia9iljw6kczkblbxay892-texlive-2023-env-texmfdist/tex/latex/tikzfill/tikzlibraryfill.image.code.tex
File: tikzlibraryfill.image.code.tex 2023/08/08 v1.0.1 Image filling library
\l__tikzfill_img_box=\box75
)) (/nix/store/pwinl16ra67ia9iljw6kczkblbxay892-texlive-2023-env-texmfdist/tex/latex/tcolorbox/tcbskinsjigsaw.code.tex
Library (tcolorbox): 'tcbskinsjigsaw.code.tex' version '6.2.0'
)) (/nix/store/pwinl16ra67ia9iljw6kczkblbxay892-texlive-2023-env-texmfdist/tex/latex/tcolorbox/tcbbreakable.code.tex
Library (tcolorbox): 'tcbbreakable.code.tex' version '6.2.0'
(/nix/store/pwinl16ra67ia9iljw6kczkblbxay892-texlive-2023-env-texmfdist/tex/latex/pdfcol/pdfcol.sty
Package: pdfcol 2022-09-21 v1.7 Handle new color stacks for pdfTeX (HO)
 (/nix/store/pwinl16ra67ia9iljw6kczkblbxay892-texlive-2023-env-texmfdist/tex/generic/infwarerr/infwarerr.sty
Package: infwarerr 2019/12/03 v1.5 Providing info/warning/error messages (HO)
))
Package pdfcol Info: New color stack `tcb@breakable' = 1 on input line 23.
\tcb@testbox=\box76
\tcb@totalupperbox=\box77
\tcb@totallowerbox=\box78
) (/nix/store/pwinl16ra67ia9iljw6kczkblbxay892-texlive-2023-env-texmfdist/tex/latex/tcolorbox/tcbhooks.code.tex
Library (tcolorbox): 'tcbhooks.code.tex' version '6.2.0'
) (/nix/store/pwinl16ra67ia9iljw6kczkblbxay892-texlive-2023-env-texmfdist/tex/latex/tcolorbox/tcbtheorems.code.tex
Library (tcolorbox): 'tcbtheorems.code.tex' version '6.2.0'
) (/nix/store/pwinl16ra67ia9iljw6kczkblbxay892-texlive-2023-env-texmfdist/tex/latex/tcolorbox/tcbfitting.code.tex
Library (tcolorbox): 'tcbfitting.code.tex' version '6.2.0'
\tcbfitdim=\dimen288
\tcb@lowerfitdim=\dimen289
\tcb@upperfitdim=\dimen290
\tcb@cur@hbadness=\count315
) (/nix/store/pwinl16ra67ia9iljw6kczkblbxay892-texlive-2023-env-texmfdist/tex/latex/tcolorbox/tcblistingsutf8.code.tex
Library (tcolorbox): 'tcblistingsutf8.code.tex' version '6.2.0'
(/nix/store/pwinl16ra67ia9iljw6kczkblbxay892-texlive-2023-env-texmfdist/tex/latex/tcolorbox/tcblistings.code.tex
Library (tcolorbox): 'tcblistings.code.tex' version '6.2.0'
(/nix/store/pwinl16ra67ia9iljw6kczkblbxay892-texlive-2023-env-texmfdist/tex/latex/listings/listings.sty
\lst@mode=\count316
\lst@gtempboxa=\box79
\lst@token=\toks48
\lst@length=\count317
\lst@currlwidth=\dimen291
\lst@column=\count318
\lst@pos=\count319
\lst@lostspace=\dimen292
\lst@width=\dimen293
\lst@newlines=\count320
\lst@lineno=\count321
\lst@maxwidth=\dimen294
 (/nix/store/pwinl16ra67ia9iljw6kczkblbxay892-texlive-2023-env-texmfdist/tex/latex/listings/lstpatch.sty
File: lstpatch.sty 2024/02/21 1.10 (Carsten Heinz)
) (/nix/store/pwinl16ra67ia9iljw6kczkblbxay892-texlive-2023-env-texmfdist/tex/latex/listings/lstmisc.sty
File: lstmisc.sty 2024/02/21 1.10 (Carsten Heinz)
\c@lstnumber=\count322
\lst@skipnumbers=\count323
\lst@framebox=\box80
) (/nix/store/pwinl16ra67ia9iljw6kczkblbxay892-texlive-2023-env-texmfdist/tex/latex/listings/listings.cfg
File: listings.cfg 2024/02/21 1.10 listings configuration
))
Package: listings 2024/02/21 1.10 (Carsten Heinz)
 (/nix/store/pwinl16ra67ia9iljw6kczkblbxay892-texlive-2023-env-texmfdist/tex/latex/tcolorbox/tcblistingscore.code.tex
Library (tcolorbox): 'tcblistingscore.code.tex' version '6.2.0'
(/nix/store/pwinl16ra67ia9iljw6kczkblbxay892-texlive-2023-env-texmfdist/tex/latex/tcolorbox/tcbprocessing.code.tex
Library (tcolorbox): 'tcbprocessing.code.tex' version '6.2.0'
)
\c@tcblisting=\count324
)) (/nix/store/pwinl16ra67ia9iljw6kczkblbxay892-texlive-2023-env-texmfdist/tex/latex/listingsutf8/listingsutf8.sty
Package: listingsutf8 2019-12-10 v1.5 Allow UTF-8 in listings input (HO)
 (/nix/store/pwinl16ra67ia9iljw6kczkblbxay892-texlive-2023-env-texmfdist/tex/generic/pdftexcmds/pdftexcmds.sty
Package: pdftexcmds 2020-06-27 v0.33 Utility functions of pdfTeX for LuaTeX (HO)
Package pdftexcmds Info: \pdf@primitive is available.
Package pdftexcmds Info: \pdf@ifprimitive is available.
Package pdftexcmds Info: \pdfdraftmode found.
) (/nix/store/pwinl16ra67ia9iljw6kczkblbxay892-texlive-2023-env-texmfdist/tex/generic/stringenc/stringenc.sty
Package: stringenc 2019/11/29 v1.12 Convert strings between diff. encodings (HO)
 (/nix/store/pwinl16ra67ia9iljw6kczkblbxay892-texlive-2023-env-texmfdist/tex/generic/pdfescape/pdfescape.sty
Package: pdfescape 2019/12/09 v1.15 Implements pdfTeX's escape features (HO)
)))) (/nix/store/pwinl16ra67ia9iljw6kczkblbxay892-texlive-2023-env-texmfdist/tex/latex/tcolorbox/tcbexternal.code.tex
Library (tcolorbox): 'tcbexternal.code.tex' version '6.2.0'
) (/nix/store/pwinl16ra67ia9iljw6kczkblbxay892-texlive-2023-env-texmfdist/tex/latex/tcolorbox/tcbmagazine.code.tex
Library (tcolorbox): 'tcbmagazine.code.tex' version '6.2.0'
) (/nix/store/pwinl16ra67ia9iljw6kczkblbxay892-texlive-2023-env-texmfdist/tex/latex/tcolorbox/tcbvignette.code.tex
Library (tcolorbox): 'tcbvignette.code.tex' version '6.2.0'
(/nix/store/pwinl16ra67ia9iljw6kczkblbxay892-texlive-2023-env-texmfdist/tex/generic/pgf/frontendlayer/tikz/libraries/tikzlibraryfadings.code.tex
File: tikzlibraryfadings.code.tex 2023-01-15 v3.1.10 (3.1.10)
 (/nix/store/pwinl16ra67ia9iljw6kczkblbxay892-texlive-2023-env-texmfdist/tex/generic/pgf/libraries/pgflibraryfadings.code.tex
File: pgflibraryfadings.code.tex 2023-01-15 v3.1.10 (3.1.10)
))) (/nix/store/pwinl16ra67ia9iljw6kczkblbxay892-texlive-2023-env-texmfdist/tex/latex/tcolorbox/tcbposter.code.tex
Library (tcolorbox): 'tcbposter.code.tex' version '6.2.0'
)) (/nix/store/pwinl16ra67ia9iljw6kczkblbxay892-texlive-2023-env-texmfdist/tex/generic/pgf/frontendlayer/tikz/libraries/tikzlibrarymath.code.tex (/nix/store/pwinl16ra67ia9iljw6kczkblbxay892-texlive-2023-env-texmfdist/tex/generic/pgf/frontendlayer/tikz/libraries/tikzlibraryfpu.code.tex (/nix/store/pwinl16ra67ia9iljw6kczkblbxay892-texlive-2023-env-texmfdist/tex/generic/pgf/libraries/pgflibraryfpu.code.tex))
\tikz@math@for@depth=\count325
\tikz@math@dimen=\dimen295
\tikz@math@toks=\toks49
)
\c@thm=\count326
\c@lem=\count327
\c@defn=\count328
\c@coro=\count329
\c@prop=\count330
 (/nix/store/pwinl16ra67ia9iljw6kczkblbxay892-texlive-2023-env-texmfdist/tex/latex/l3backend/l3backend-pdftex.def
File: l3backend-pdftex.def 2024-02-20 L3 backend support: PDF output (pdfTeX)
\l__color_backend_stack_int=\count331
\l__pdf_internal_box=\box81
) (./main.aux)
\openout1 = `main.aux'.

LaTeX Font Info:    Checking defaults for OML/cmm/m/it on input line 150.
LaTeX Font Info:    ... okay on input line 150.
LaTeX Font Info:    Checking defaults for OMS/cmsy/m/n on input line 150.
LaTeX Font Info:    ... okay on input line 150.
LaTeX Font Info:    Checking defaults for OT1/cmr/m/n on input line 150.
LaTeX Font Info:    ... okay on input line 150.
LaTeX Font Info:    Checking defaults for T1/cmr/m/n on input line 150.
LaTeX Font Info:    ... okay on input line 150.
LaTeX Font Info:    Checking defaults for TS1/cmr/m/n on input line 150.
LaTeX Font Info:    ... okay on input line 150.
LaTeX Font Info:    Checking defaults for OMX/cmex/m/n on input line 150.
LaTeX Font Info:    ... okay on input line 150.
LaTeX Font Info:    Checking defaults for U/cmr/m/n on input line 150.
LaTeX Font Info:    ... okay on input line 150.

*geometry* driver: auto-detecting
*geometry* detected driver: pdftex
*geometry* verbose mode - [ preamble ] result:
* driver: pdftex
* paper: a4paper
* layout: <same size as paper>
* layoutoffset:(h,v)=(0.0pt,0.0pt)
* modes: 
* h-part:(L,W,R)=(72.26999pt, 452.9679pt, 72.26999pt)
* v-part:(T,H,B)=(72.26999pt, 700.50687pt, 72.26999pt)
* \paperwidth=597.50787pt
* \paperheight=845.04684pt
* \textwidth=452.9679pt
* \textheight=700.50687pt
* \oddsidemargin=0.0pt
* \evensidemargin=0.0pt
* \topmargin=-37.0pt
* \headheight=12.0pt
* \headsep=25.0pt
* \topskip=12.0pt
* \footskip=30.0pt
* \marginparwidth=44.0pt
* \marginparsep=10.0pt
* \columnsep=10.0pt
* \skip\footins=10.8pt plus 4.0pt minus 2.0pt
* \hoffset=0.0pt
* \voffset=0.0pt
* \mag=1000
* \@twocolumnfalse
* \@twosidefalse
* \@mparswitchfalse
* \@reversemarginfalse
* (1in=72.27pt=25.4mm, 1cm=28.453pt)

(/nix/store/pwinl16ra67ia9iljw6kczkblbxay892-texlive-2023-env-texmfdist/tex/context/base/mkii/supp-pdf.mkii
[Loading MPS to PDF converter (version 2006.09.02).]
\scratchcounter=\count332
\scratchdimen=\dimen296
\scratchbox=\box82
\nofMPsegments=\count333
\nofMParguments=\count334
\everyMPshowfont=\toks50
\MPscratchCnt=\count335
\MPscratchDim=\dimen297
\MPnumerator=\count336
\makeMPintoPDFobject=\count337
\everyMPtoPDFconversion=\toks51
) (/nix/store/pwinl16ra67ia9iljw6kczkblbxay892-texlive-2023-env-texmfdist/tex/latex/epstopdf-pkg/epstopdf-base.sty
Package: epstopdf-base 2020-01-24 v2.11 Base part for package epstopdf
Package epstopdf-base Info: Redefining graphics rule for `.eps' on input line 485.
 (/nix/store/pwinl16ra67ia9iljw6kczkblbxay892-texlive-2023-env-texmfdist/tex/latex/latexconfig/epstopdf-sys.cfg
File: epstopdf-sys.cfg 2010/07/13 v1.3 Configuration of (r)epstopdf for TeX Live
))
\c@lstlisting=\count338
LaTeX Font Info:    Trying to load font information for U+msa on input line 152.
 (/nix/store/pwinl16ra67ia9iljw6kczkblbxay892-texlive-2023-env-texmfdist/tex/latex/amsfonts/umsa.fd
File: umsa.fd 2013/01/14 v3.01 AMS symbols A
)
LaTeX Font Info:    Trying to load font information for U+msb on input line 152.
 (/nix/store/pwinl16ra67ia9iljw6kczkblbxay892-texlive-2023-env-texmfdist/tex/latex/amsfonts/umsb.fd
File: umsb.fd 2013/01/14 v3.01 AMS symbols B
)
LaTeX Font Info:    Trying to load font information for U+rsfs on input line 152.
 (/nix/store/pwinl16ra67ia9iljw6kczkblbxay892-texlive-2023-env-texmfdist/tex/latex/jknapltx/ursfs.fd
File: ursfs.fd 1998/03/24 rsfs font definition file (jk)
) [1

{/nix/store/imlp9jqissm5bg1q8yk1glsfsvfpf8kl-texlive-2023-env/share/texmf-var/fonts/map/pdftex/updmap/pdftex.map}] [1] (./main.toc)
\tf@toc=\write4
\openout4 = `main.toc'.

 [1

]
Chapter 1.
[2

] [3] [4] (./main.aux)
 ***********
LaTeX2e <2023-11-01> patch level 1
L3 programming layer <2024-02-20>
 ***********
 ) 
Here is how much of TeX's memory you used:
 23566 strings out of 474116
 512684 string characters out of 5720541
 1938187 words of memory out of 5000000
 45502 multiletter control sequences out of 15000+600000
 569528 words of font info for 81 fonts, out of 8000000 for 9000
 1141 hyphenation exceptions out of 8191
 101i,7n,107p,459b,463s stack positions out of 10000i,1000n,20000p,200000b,200000s
</nix/store/pwinl16ra67ia9iljw6kczkblbxay892-texlive-2023-env-texmfdist/fonts/type1/public/amsfonts/cm/cmbx12.pfb></nix/store/pwinl16ra67ia9iljw6kczkblbxay892-texlive-2023-env-texmfdist/fonts/type1/public/amsfonts/cm/cmbxti10.pfb></nix/store/pwinl16ra67ia9iljw6kczkblbxay892-texlive-2023-env-texmfdist/fonts/type1/public/amsfonts/cm/cmex10.pfb></nix/store/pwinl16ra67ia9iljw6kczkblbxay892-texlive-2023-env-texmfdist/fonts/type1/public/amsfonts/cm/cmmi12.pfb></nix/store/pwinl16ra67ia9iljw6kczkblbxay892-texlive-2023-env-texmfdist/fonts/type1/public/amsfonts/cm/cmmi8.pfb></nix/store/pwinl16ra67ia9iljw6kczkblbxay892-texlive-2023-env-texmfdist/fonts/type1/public/amsfonts/cm/cmr12.pfb></nix/store/pwinl16ra67ia9iljw6kczkblbxay892-texlive-2023-env-texmfdist/fonts/type1/public/amsfonts/cm/cmr17.pfb></nix/store/pwinl16ra67ia9iljw6kczkblbxay892-texlive-2023-env-texmfdist/fonts/type1/public/amsfonts/cm/cmr8.pfb></nix/store/pwinl16ra67ia9iljw6kczkblbxay892-texlive-2023-env-texmfdist/fonts/type1/public/amsfonts/cm/cmsy10.pfb></nix/store/pwinl16ra67ia9iljw6kczkblbxay892-texlive-2023-env-texmfdist/fonts/type1/public/amsfonts/cm/cmsy8.pfb></nix/store/pwinl16ra67ia9iljw6kczkblbxay892-texlive-2023-env-texmfdist/fonts/type1/public/amsfonts/cm/cmti12.pfb></nix/store/pwinl16ra67ia9iljw6kczkblbxay892-texlive-2023-env-texmfdist/fonts/type1/public/amsfonts/symbols/msbm10.pfb>
Output written on main.pdf (6 pages, 133625 bytes).
PDF statistics:
 122 PDF objects out of 1000 (max. 8388607)
 65 compressed objects within 1 object stream
 0 named destinations out of 1000 (max. 500000)
 157 words of extra memory for PDF output out of 10000 (max. 10000000)

