\BOOKMARK [1][-]{section.1}{\376\377\000C\000a\000r\000d\000i\000n\000a\000l\000i\000t\000y}{}% 1
\BOOKMARK [2][-]{subsection.1.1}{\376\377\000B\000r\000i\000e\000f\000\040\000M\000o\000t\000i\000v\000a\000t\000i\000o\000n}{section.1}% 2
\BOOKMARK [2][-]{subsection.1.2}{\376\377\000F\000u\000n\000c\000t\000i\000o\000n\000\040\000T\000h\000e\000o\000r\000y}{section.1}% 3
\BOOKMARK [3][-]{defn.1.1}{\376\377\000D\000e\000f\000i\000n\000i\000t\000i\000o\000n\000:\000\040\000I\000n\000j\000e\000c\000t\000i\000o\000n}{subsection.1.2}% 4
\BOOKMARK [3][-]{defn.1.2}{\376\377\000D\000e\000f\000i\000n\000i\000t\000i\000o\000n\000:\000\040\000S\000u\000r\000j\000e\000c\000t\000i\000o\000n}{subsection.1.2}% 5
\BOOKMARK [3][-]{defn.1.3}{\376\377\000D\000e\000f\000i\000n\000i\000t\000i\000o\000n\000:\000\040\000B\000i\000j\000e\000c\000t\000i\000v\000e}{subsection.1.2}% 6
\BOOKMARK [3][-]{defn.1.4}{\376\377\000D\000e\000f\000i\000n\000i\000t\000i\000o\000n\000:\000\040\000I\000n\000v\000e\000r\000t\000a\000b\000l\000e}{subsection.1.2}% 7
\BOOKMARK [3][-]{defn.1.5}{\376\377\000D\000e\000f\000i\000n\000i\000t\000i\000o\000n\000:\000\040\000P\000o\000w\000e\000r\000s\000e\000t}{subsection.1.2}% 8
\BOOKMARK [3][-]{axim.1.1}{\376\377\000A\000x\000i\000o\000m\000:\000\040\000C\000h\000o\000i\000c\000e}{subsection.1.2}% 9
\BOOKMARK [2][-]{subsection.1.3}{\376\377\000C\000a\000r\000d\000i\000n\000a\000l\000i\000t\000y}{section.1}% 10
\BOOKMARK [3][-]{defn.1.6}{\376\377\000D\000e\000f\000i\000n\000i\000t\000i\000o\000n\000:\000\040\000O\000r\000d\000e\000r\000i\000n\000g\000\040\000o\000f\000\040\000C\000a\000r\000d\000i\000n\000a\000l\000i\000t\000y\000\040\000o\000n\000\040\000S\000e\000t\000s}{subsection.1.3}% 11
\BOOKMARK [3][-]{thm.1.1}{\376\377\000T\000h\000e\000o\000r\000e\000m\000:\000\040\000C\000a\000n\000t\000o\000r\000-\000S\000c\000h\000r\000o\000e\000d\000e\000r\000-\000B\000e\000r\000s\000t\000i\000e\000n\000\040\000\050\000C\000S\000B\000\051}{subsection.1.3}% 12
\BOOKMARK [3][-]{lem.1.1}{\376\377\000L\000e\000m\000m\000a\000:\000\040\000P\000h\000i\000\040\000h\000a\000s\000\040\000a\000\040\000F\000i\000x\000e\000d\000\040\000P\000o\000i\000n\000t}{subsection.1.3}% 13
\BOOKMARK [3][-]{defn.1.7}{\376\377\000D\000e\000f\000i\000n\000i\000t\000i\000o\000n\000:\000\040\000F\000i\000n\000i\000t\000e\000,\000\040\000C\000o\000u\000n\000t\000a\000b\000l\000y\000\040\000I\000n\000f\000i\000n\000i\000t\000e\000,\000\040\000C\000o\000u\000n\000t\000a\000b\000l\000e}{subsection.1.3}% 14
\BOOKMARK [3][-]{prop.1.3}{\376\377\000P\000r\000o\000p\000o\000s\000i\000t\000i\000o\000n\000:\000\040\000A\000l\000e\000p\000h\000\040\000N\000u\000l\000l\000\040\000i\000s\000\040\000t\000h\000e\000\040\000S\000m\000a\000l\000l\000e\000s\000t\000\040\000I\000n\000f\000i\000n\000i\000t\000y}{subsection.1.3}% 15
\BOOKMARK [3][-]{prop.1.4}{\376\377\000P\000r\000o\000p\000o\000s\000i\000t\000i\000o\000n\000:\000\040\000T\000h\000e\000\040\000R\000e\000a\000l\000s\000\040\000a\000r\000e\000\040\000U\000n\000c\000o\000u\000n\000t\000a\000b\000l\000e}{subsection.1.3}% 16
\BOOKMARK [3][-]{defn.1.8}{\376\377\000D\000e\000f\000i\000n\000i\000t\000i\000o\000n\000:\000\040\000C\000o\000n\000t\000i\000n\000u\000u\000m}{subsection.1.3}% 17
\BOOKMARK [3][-]{axim.1.2}{\376\377\000A\000x\000i\000o\000m\000:\000\040\000C\000o\000n\000t\000i\000n\000u\000u\000m\000\040\000H\000y\000p\000o\000t\000h\000e\000s\000i\000s}{subsection.1.3}% 18
\BOOKMARK [2][-]{subsection.1.4}{\376\377\000C\000a\000r\000d\000i\000n\000a\000l\000i\000t\000y\000\040\000o\000f\000\040\000P\000o\000w\000e\000r\000\040\000S\000e\000t\000s}{section.1}% 19
\BOOKMARK [3][-]{defn.1.9}{\376\377\000D\000e\000f\000i\000n\000i\000t\000i\000o\000n\000:\000\040\000C\000a\000r\000t\000e\000s\000i\000a\000n\000\040\000P\000r\000o\000d\000u\000c\000t}{subsection.1.4}% 20
\BOOKMARK [3][-]{defn.1.10}{\376\377\000D\000e\000f\000i\000n\000i\000t\000i\000o\000n\000:\000\040\000S\000e\000t\000\040\000P\000o\000w\000e\000r}{subsection.1.4}% 21
\BOOKMARK [3][-]{prop.1.6}{\376\377\000P\000r\000o\000p\000o\000s\000i\000t\000i\000o\000n\000:\000\040\000C\000a\000r\000d\000i\000n\000a\000l\000i\000t\000y\000\040\000o\000f\000\040\000a\000\040\000P\000o\000w\000e\000r\000\040\000S\000e\000t}{subsection.1.4}% 22
\BOOKMARK [3][-]{prop.1.7}{\376\377\000P\000r\000o\000p\000o\000s\000i\000t\000i\000o\000n\000:\000\040\000T\000h\000e\000\040\000P\000o\000w\000e\000r\000s\000e\000t\000\040\000i\000s\000\040\000L\000a\000r\000g\000e\000r\000\040\000t\000h\000a\000n\000\040\000t\000h\000e\000\040\000S\000e\000t}{subsection.1.4}% 23
\BOOKMARK [3][-]{prop.1.8}{\376\377\000P\000r\000o\000p\000o\000s\000i\000t\000i\000o\000n\000:\000\040\000T\000h\000e\000\040\000N\000a\000t\000u\000r\000a\000l\000\040\000P\000o\000w\000e\000r\000s\000e\000t\000\040\000C\000a\000r\000d\000i\000n\000a\000l\000\040\000i\000s\000\040\000t\000h\000e\000\040\000C\000o\000n\000t\000i\000n\000u\000u\000m\000\040\000C\000a\000r\000d\000i\000n\000a\000l}{subsection.1.4}% 24
\BOOKMARK [2][-]{subsection.1.5}{\376\377\000C\000a\000r\000d\000i\000n\000a\000l\000\040\000A\000r\000i\000t\000h\000m\000e\000t\000i\000c}{section.1}% 25
\BOOKMARK [3][-]{prop.1.9}{\376\377\000P\000r\000o\000p\000o\000s\000i\000t\000i\000o\000n\000:\000\040\000C\000a\000r\000d\000i\000n\000a\000l\000\040\000E\000x\000p\000o\000n\000e\000n\000t\000\040\000L\000a\000w\000s}{subsection.1.5}% 26
\BOOKMARK [1][-]{section.2}{\376\377\000T\000o\000p\000o\000l\000o\000g\000y}{}% 27
\BOOKMARK [2][-]{subsection.2.1}{\376\377\000M\000e\000t\000r\000i\000c\000\040\000S\000p\000a\000c\000e\000s}{section.2}% 28
\BOOKMARK [3][-]{defn.2.1}{\376\377\000D\000e\000f\000i\000n\000i\000t\000i\000o\000n\000:\000\040\000M\000e\000t\000r\000i\000c\000\040\000S\000p\000a\000c\000e}{subsection.2.1}% 29
\BOOKMARK [3][-]{defn.2.2}{\376\377\000D\000e\000f\000i\000n\000i\000t\000i\000o\000n\000:\000\040\000N\000o\000r\000m\000e\000d\000\040\000V\000e\000c\000t\000o\000r\000\040\000S\000p\000a\000c\000e\000\040\000\050\000N\000V\000S\000\051}{subsection.2.1}% 30
\BOOKMARK [3][-]{prop.2.1}{\376\377\000P\000r\000o\000p\000o\000s\000i\000t\000i\000o\000n\000:\000\040\000N\000V\000S\000\040\000h\000a\000v\000e\000\040\000t\000r\000i\000v\000i\000a\000l\000\040\000M\000e\000t\000r\000i\000c\000s}{subsection.2.1}% 31
\BOOKMARK [2][-]{subsection.2.2}{\376\377\000E\000x\000a\000m\000p\000l\000e\000s\000\040\000o\000f\000\040\000M\000e\000t\000r\000i\000c\000\040\000S\000p\000a\000c\000e\000s}{section.2}% 32
\BOOKMARK [3][-]{exam.2.1}{\376\377\000E\000x\000a\000m\000p\000l\000e\000:\000\040\000D\000i\000s\000c\000r\000e\000t\000e\000\040\000M\000e\000t\000r\000i\000c}{subsection.2.2}% 33
\BOOKMARK [3][-]{exam.2.2}{\376\377\000E\000x\000a\000m\000p\000l\000e\000:\000\040\000A\000b\000s\000o\000l\000u\000t\000e\000\040\000V\000a\000l\000u\000e\000\040\000N\000o\000r\000m}{subsection.2.2}% 34
\BOOKMARK [3][-]{exam.2.3}{\376\377\000E\000x\000a\000m\000p\000l\000e\000:\000\040\000E\000u\000c\000l\000i\000d\000e\000a\000n\000\040\000N\000o\000r\000m}{subsection.2.2}% 35
\BOOKMARK [3][-]{exam.2.4}{\376\377\000E\000x\000a\000m\000p\000l\000e\000:\000\040\000P\000-\000N\000o\000r\000m}{subsection.2.2}% 36
\BOOKMARK [3][-]{exam.2.5}{\376\377\000E\000x\000a\000m\000p\000l\000e\000:\000\040\000I\000n\000f\000i\000n\000i\000t\000y\000\040\000N\000o\000r\000m}{subsection.2.2}% 37
\BOOKMARK [3][-]{exam.2.6}{\376\377\000E\000x\000a\000m\000p\000l\000e\000:\000\040\000P\000-\000N\000o\000r\000m\000\040\000o\000n\000\040\000S\000e\000q\000u\000e\000n\000c\000e\000s\000\040\000o\000f\000\040\000R\000e\000a\000l\000s}{subsection.2.2}% 38
\BOOKMARK [3][-]{exam.2.7}{\376\377\000E\000x\000a\000m\000p\000l\000e\000:\000\040\000S\000u\000p\000r\000e\000m\000a\000\040\000N\000o\000r\000m\000\040\000\050\000I\000n\000f\000i\000n\000i\000t\000y\000\040\000N\000o\000r\000m\000\040\000o\000n\000\040\000S\000e\000q\000u\000e\000n\000c\000e\000s\000\040\000o\000f\000\040\000R\000e\000a\000l\000s\000\051}{subsection.2.2}% 39
\BOOKMARK [3][-]{exam.2.8}{\376\377\000E\000x\000a\000m\000p\000l\000e\000:\000\040\000P\000-\000N\000o\000r\000m\000\040\000o\000n\000\040\000F\000u\000n\000c\000t\000i\000o\000n}{subsection.2.2}% 40
\BOOKMARK [3][-]{exam.2.9}{\376\377\000E\000x\000a\000m\000p\000l\000e\000:\000\040\000I\000n\000f\000i\000n\000i\000t\000y\000\040\000N\000o\000r\000m\000\040\000o\000n\000\040\000F\000u\000n\000c\000t\000i\000o\000n\000s}{subsection.2.2}% 41
\BOOKMARK [3][-]{exam.2.10}{\376\377\000E\000x\000a\000m\000p\000l\000e\000:\000\040\000B\000o\000u\000n\000d\000e\000d\000\040\000F\000u\000n\000c\000t\000i\000o\000n\000s\000\040\000a\000n\000d\000\040\000t\000h\000e\000\040\000I\000n\000f\000i\000n\000i\000t\000y\000\040\000N\000o\000r\000m\000\040\000a\000r\000e\000\040\000a\000\040\000N\000V\000S}{subsection.2.2}% 42
\BOOKMARK [3][-]{exam.2.11}{\376\377\000E\000x\000a\000m\000p\000l\000e\000:\000\040\000S\000e\000q\000u\000e\000n\000c\000e\000\040\000M\000e\000t\000r\000i\000c}{subsection.2.2}% 43
\BOOKMARK [3][-]{exam.2.12}{\376\377\000E\000x\000a\000m\000p\000l\000e\000:\000\040\000C\000a\000n\000t\000o\000r\000\040\000S\000p\000a\000c\000e}{subsection.2.2}% 44
\BOOKMARK [3][-]{exam.2.13}{\376\377\000E\000x\000a\000m\000p\000l\000e\000:\000\040\000H\000a\000m\000m\000i\000n\000g\000\040\000D\000i\000s\000t\000a\000n\000c\000e}{subsection.2.2}% 45
\BOOKMARK [3][-]{exam.2.14}{\376\377\000E\000x\000a\000m\000p\000l\000e\000:\000\040\000H\000a\000u\000s\000d\000o\000r\000f\000f\000\040\000M\000e\000t\000r\000i\000c}{subsection.2.2}% 46
\BOOKMARK [3][-]{exam.2.15}{\376\377\000E\000x\000a\000m\000p\000l\000e\000:\000\040\000P\000-\000a\000d\000i\000c\000\040\000M\000e\000t\000r\000i\000c}{subsection.2.2}% 47
\BOOKMARK [3][-]{defn.2.3}{\376\377\000D\000e\000f\000i\000n\000i\000t\000i\000o\000n\000:\000\040\000S\000u\000b\000s\000p\000a\000c\000e\000\040\000o\000f\000\040\000a\000\040\000M\000e\000t\000r\000i\000c\000\040\000S\000p\000a\000c\000e}{subsection.2.2}% 48
\BOOKMARK [3][-]{exam.2.16}{\376\377\000E\000x\000a\000m\000p\000l\000e\000:\000\040\000P\000r\000o\000d\000u\000c\000t\000\040\000M\000e\000t\000r\000i\000c}{subsection.2.2}% 49
\BOOKMARK [2][-]{subsection.2.3}{\376\377\000C\000o\000n\000v\000e\000r\000g\000e\000n\000c\000e}{section.2}% 50
\BOOKMARK [3][-]{defn.2.5}{\376\377\000D\000e\000f\000i\000n\000i\000t\000i\000o\000n\000:\000\040\000C\000o\000n\000v\000e\000r\000g\000e\000n\000c\000e\000\040\000o\000f\000\040\000a\000\040\000S\000e\000q\000u\000e\000n\000c\000e}{subsection.2.3}% 51
\BOOKMARK [3][-]{defn.2.6}{\376\377\000D\000e\000f\000i\000n\000i\000t\000i\000o\000n\000:\000\040\000D\000i\000v\000e\000r\000g\000e\000n\000c\000e}{subsection.2.3}% 52
\BOOKMARK [3][-]{note.2.4}{\376\377\000N\000o\000t\000e\000:\000\040\000C\000o\000n\000v\000e\000r\000g\000e\000n\000c\000e\000\040\000i\000s\000\040\000D\000i\000s\000t\000a\000n\000c\000e\000\040\000g\000o\000i\000n\000g\000\040\000t\000o\000\040\000Z\000e\000r\000o}{subsection.2.3}% 53
\BOOKMARK [3][-]{defn.2.7}{\376\377\000D\000e\000f\000i\000n\000i\000t\000i\000o\000n\000:\000\040\000C\000a\000u\000c\000h\000y}{subsection.2.3}% 54
\BOOKMARK [3][-]{prop.2.2}{\376\377\000P\000r\000o\000p\000o\000s\000i\000t\000i\000o\000n\000:\000\040\000C\000o\000n\000v\000e\000r\000g\000e\000n\000c\000e\000\040\000i\000m\000p\000l\000i\000e\000s\000\040\000C\000a\000u\000c\000h\000y\000n\000e\000s\000s}{subsection.2.3}% 55
\BOOKMARK [3][-]{exam.2.17}{\376\377\000E\000x\000a\000m\000p\000l\000e\000:\000\040\000C\000a\000u\000c\000h\000y\000\040\000d\000o\000e\000s\000n\000'\000t\000\040\000i\000m\000p\000l\000y\000\040\000C\000o\000n\000v\000e\000r\000g\000e\000n\000c\000e}{subsection.2.3}% 56
\BOOKMARK [3][-]{defn.2.8}{\376\377\000D\000e\000f\000i\000n\000i\000t\000i\000o\000n\000:\000\040\000B\000o\000u\000n\000d\000e\000d}{subsection.2.3}% 57
\BOOKMARK [3][-]{defn.2.9}{\376\377\000D\000e\000f\000i\000n\000i\000t\000i\000o\000n\000:\000\040\000O\000p\000e\000n\000\040\000a\000n\000d\000\040\000C\000l\000o\000s\000e\000d\000\040\000B\000a\000l\000l\000s}{subsection.2.3}% 58
\BOOKMARK [3][-]{prop.2.3}{\376\377\000P\000r\000o\000p\000o\000s\000i\000t\000i\000o\000n\000:\000\040\000B\000o\000u\000n\000d\000e\000d\000n\000e\000s\000s\000\040\000i\000f\000f\000\040\000s\000u\000b\000s\000e\000t\000\040\000o\000f\000\040\000a\000\040\000C\000l\000o\000s\000e\000d\000\040\000B\000a\000l\000l}{subsection.2.3}% 59
\BOOKMARK [3][-]{prop.2.4}{\376\377\000P\000r\000o\000p\000o\000s\000i\000t\000i\000o\000n\000:\000\040\000C\000a\000u\000c\000h\000y\000\040\000i\000m\000p\000l\000i\000e\000s\000\040\000B\000o\000u\000n\000d\000e\000d}{subsection.2.3}% 60
\BOOKMARK [3][-]{exam.2.18}{\376\377\000E\000x\000a\000m\000p\000l\000e\000:\000\040\000C\000o\000u\000n\000t\000e\000r\000\040\000E\000x\000a\000m\000p\000l\000e}{subsection.2.3}% 61
\BOOKMARK [2][-]{subsection.2.4}{\376\377\000C\000o\000n\000v\000e\000r\000g\000e\000n\000c\000e\000\040\000E\000x\000a\000m\000p\000l\000e\000s}{section.2}% 62
\BOOKMARK [3][-]{exam.2.19}{\376\377\000E\000x\000a\000m\000p\000l\000e\000:\000\040\0002\000-\000A\000d\000i\000c\000\040\000N\000o\000r\000m}{subsection.2.4}% 63
\BOOKMARK [3][-]{note.2.8}{\376\377\000N\000o\000t\000e\000:\000\040\000P\000-\000A\000d\000i\000c\000\040\000C\000o\000n\000v\000e\000r\000g\000e\000n\000c\000e\000\040\000C\000l\000a\000i\000m\000s}{subsection.2.4}% 64
\BOOKMARK [3][-]{exam.2.20}{\376\377\000E\000x\000a\000m\000p\000l\000e\000:\000\040\000B\000o\000u\000n\000d\000e\000d\000\040\000S\000e\000q\000u\000e\000n\000c\000e\000s\000\040\000a\000n\000d\000\040\000t\000h\000e\000\040\000I\000n\000f\000i\000n\000i\000t\000y\000\040\000N\000o\000r\000m}{subsection.2.4}% 65
\BOOKMARK [3][-]{exam.2.21}{\376\377\000E\000x\000a\000m\000p\000l\000e\000:\000\040\000Z\000e\000r\000o\000\040\000T\000a\000i\000l\000e\000d\000\040\000S\000e\000q\000u\000e\000n\000c\000e\000s\000\040\000a\000r\000e\000n\000'\000t\000\040\000C\000a\000u\000c\000h\000y\000\040\000u\000n\000d\000e\000r\000\040\000S\000u\000p\000\040\000N\000o\000r\000m}{subsection.2.4}% 66
\BOOKMARK [2][-]{subsection.2.5}{\376\377\000C\000o\000m\000p\000l\000e\000t\000e\000n\000e\000s\000s}{section.2}% 67
\BOOKMARK [3][-]{defn.2.10}{\376\377\000D\000e\000f\000i\000n\000i\000t\000i\000o\000n\000:\000\040\000C\000o\000m\000p\000l\000e\000t\000e\000,\000\040\000C\000o\000m\000p\000l\000e\000t\000e\000\040\000M\000e\000t\000r\000i\000c\000\040\000S\000p\000a\000c\000e\000,\000\040\000B\000a\000n\000a\000c\000h\000\040\000S\000p\000a\000c\000e}{subsection.2.5}% 68
\BOOKMARK [3][-]{prop.2.5}{\376\377\000P\000r\000o\000p\000o\000s\000i\000t\000i\000o\000n\000:\000\040\000S\000e\000t\000\040\000o\000f\000\040\000b\000o\000u\000n\000d\000e\000d\000\040\000S\000e\000q\000u\000e\000n\000c\000e\000s\000\040\000o\000n\000\040\000t\000h\000e\000\040\000P\000-\000N\000o\000r\000m\000\040\000i\000s\000\040\000B\000a\000n\000a\000c\000h}{subsection.2.5}% 69
\BOOKMARK [2][-]{subsection.2.6}{\376\377\000T\000o\000p\000o\000l\000o\000g\000i\000c\000a\000l\000\040\000S\000p\000a\000c\000e\000s}{section.2}% 70
\BOOKMARK [3][-]{defn.2.11}{\376\377\000D\000e\000f\000i\000n\000i\000t\000i\000o\000n\000:\000\040\000T\000o\000p\000o\000l\000o\000g\000y}{subsection.2.6}% 71
\BOOKMARK [3][-]{exam.2.27}{\376\377\000E\000x\000a\000m\000p\000l\000e\000:\000\040\000D\000i\000s\000c\000r\000e\000t\000e\000\040\000T\000o\000p\000o\000l\000o\000g\000y}{subsection.2.6}% 72
\BOOKMARK [3][-]{exam.2.28}{\376\377\000E\000x\000a\000m\000p\000l\000e\000:\000\040\000I\000n\000d\000i\000s\000c\000r\000e\000t\000e\000\040\000T\000o\000p\000o\000l\000o\000g\000y}{subsection.2.6}% 73
\BOOKMARK [3][-]{nota.2.2}{\376\377\000N\000o\000t\000a\000t\000i\000o\000n\000:\000\040\000T\000o\000p\000o\000l\000o\000g\000i\000c\000a\000l\000\040\000S\000p\000a\000c\000e}{subsection.2.6}% 74
\BOOKMARK [2][-]{subsection.2.7}{\376\377\000M\000e\000t\000r\000i\000c\000\040\000T\000o\000p\000o\000l\000o\000g\000y}{section.2}% 75
\BOOKMARK [3][-]{defn.2.12}{\376\377\000D\000e\000f\000i\000n\000i\000t\000i\000o\000n\000:\000\040\000O\000p\000e\000n}{subsection.2.7}% 76
\BOOKMARK [3][-]{prop.2.6}{\376\377\000P\000r\000o\000p\000o\000s\000i\000t\000i\000o\000n\000:\000\040\000T\000h\000e\000\040\000S\000e\000t\000\040\000o\000f\000\040\000O\000p\000e\000n\000\040\000s\000e\000t\000s\000\040\000f\000o\000r\000m\000\040\000a\000\040\000T\000o\000p\000o\000l\000o\000g\000y}{subsection.2.7}% 77
\BOOKMARK [3][-]{exam.2.30}{\376\377\000E\000x\000a\000m\000p\000l\000e\000:\000\040\000C\000o\000u\000n\000t\000e\000r\000e\000x\000a\000m\000p\000l\000e\000\040\000f\000o\000r\000\040\000I\000n\000f\000i\000n\000t\000e\000\040\000I\000n\000t\000e\000r\000s\000e\000c\000t\000i\000o\000n\000s\000\040\000a\000r\000e\000\040\000O\000p\000e\000n}{subsection.2.7}% 78
\BOOKMARK [3][-]{prop.2.7}{\376\377\000P\000r\000o\000p\000o\000s\000i\000t\000i\000o\000n\000:\000\040\000M\000e\000t\000r\000i\000c\000\040\000S\000p\000a\000c\000e\000s\000\040\000a\000r\000e\000\040\000H\000a\000u\000s\000s\000d\000o\000r\000f\000f}{subsection.2.7}% 79
\BOOKMARK [2][-]{subsection.2.8}{\376\377\000C\000l\000o\000s\000e\000d\000\040\000S\000e\000t\000s}{section.2}% 80
\BOOKMARK [3][-]{defn.2.13}{\376\377\000D\000e\000f\000i\000n\000i\000t\000i\000o\000n\000:\000\040\000C\000l\000o\000s\000e\000d\000\040\000S\000e\000t\000s}{subsection.2.8}% 81
\BOOKMARK [3][-]{prop.2.8}{\376\377\000P\000r\000o\000p\000o\000s\000i\000t\000i\000o\000n\000:\000\040\000P\000r\000o\000p\000e\000r\000t\000i\000e\000s\000\040\000o\000f\000\040\000C\000l\000o\000s\000e\000d\000\040\000S\000e\000t\000s}{subsection.2.8}% 82
\BOOKMARK [3][-]{defn.2.14}{\376\377\000D\000e\000f\000i\000n\000i\000t\000i\000o\000n\000:\000\040\000L\000i\000m\000i\000t\000\040\000P\000o\000i\000n\000t}{subsection.2.8}% 83
\BOOKMARK [3][-]{prop.2.9}{\376\377\000P\000r\000o\000p\000o\000s\000i\000t\000i\000o\000n\000:\000\040\000L\000i\000m\000i\000t\000s\000\040\000P\000o\000i\000n\000t\000s\000\040\000i\000n\000\040\000a\000\040\000M\000e\000t\000r\000i\000c\000\040\000T\000o\000p\000o\000l\000o\000g\000y\000\040\000a\000r\000e\000\040\000t\000h\000e\000\040\000L\000i\000m\000i\000t\000\040\000o\000f\000\040\000a\000\040\000S\000e\000q\000u\000e\000n\000c\000e}{subsection.2.8}% 84
\BOOKMARK [3][-]{prop.2.10}{\376\377\000P\000r\000o\000p\000o\000s\000i\000t\000i\000o\000n\000:\000\040\000C\000l\000o\000s\000e\000d\000\040\000S\000e\000t\000s\000\040\000A\000t\000t\000a\000i\000n\000\040\000L\000i\000m\000i\000t\000s}{subsection.2.8}% 85
\BOOKMARK [3][-]{coro.2.1}{\376\377\000C\000o\000r\000o\000l\000l\000a\000r\000y\000:\000\040\000C\000l\000o\000s\000e\000d\000\040\000S\000e\000t\000s\000\040\000A\000t\000t\000a\000i\000n\000\040\000S\000e\000q\000u\000e\000n\000c\000e\000\040\000L\000i\000m\000i\000t\000s}{subsection.2.8}% 86
\BOOKMARK [3][-]{defn.2.15}{\376\377\000D\000e\000f\000i\000n\000i\000t\000i\000o\000n\000:\000\040\000S\000u\000b\000s\000p\000a\000c\000e\000\040\000T\000o\000p\000o\000l\000o\000g\000y}{subsection.2.8}% 87
\BOOKMARK [2][-]{subsection.2.9}{\376\377\000C\000l\000o\000s\000u\000r\000e\000\040\000a\000n\000d\000\040\000I\000n\000t\000e\000r\000i\000o\000r}{section.2}% 88
\BOOKMARK [3][-]{defn.2.16}{\376\377\000D\000e\000f\000i\000n\000i\000t\000i\000o\000n\000:\000\040\000C\000l\000o\000s\000u\000r\000e\000\040\000a\000n\000d\000\040\000I\000n\000t\000e\000r\000i\000o\000r}{subsection.2.9}% 89
\BOOKMARK [3][-]{prop.2.11}{\376\377\000P\000r\000o\000p\000o\000s\000i\000t\000i\000o\000n\000:\000\040\000T\000h\000e\000\040\000C\000l\000o\000s\000u\000r\000e\000\040\000i\000s\000\040\000t\000h\000e\000\040\000S\000e\000t\000\040\000o\000f\000\040\000L\000i\000m\000i\000t\000\040\000P\000o\000i\000n\000t\000s}{subsection.2.9}% 90
\BOOKMARK [3][-]{note.2.15}{\376\377\000N\000o\000t\000e\000:\000\040\000N\000o\000r\000m\000s}{subsection.2.9}% 91
\BOOKMARK [3][-]{coro.2.2}{\376\377\000C\000o\000r\000o\000l\000l\000a\000r\000y\000:\000\040\000C\000l\000o\000s\000u\000r\000e\000\040\000i\000s\000\040\000t\000h\000e\000\040\000S\000e\000t\000\040\000o\000f\000\040\000R\000e\000a\000c\000h\000a\000b\000l\000e\000\040\000P\000o\000i\000n\000t\000s}{subsection.2.9}% 92
\BOOKMARK [3][-]{defn.2.17}{\376\377\000D\000e\000f\000i\000n\000i\000t\000i\000o\000n\000:\000\040\000I\000n\000t\000e\000r\000i\000o\000r\000\040\000P\000o\000i\000n\000t\000s}{subsection.2.9}% 93
\BOOKMARK [3][-]{prop.2.12}{\376\377\000P\000r\000o\000p\000o\000s\000i\000t\000i\000o\000n\000:\000\040\000I\000n\000t\000e\000r\000i\000o\000r\000\040\000P\000o\000i\000n\000t\000s\000\040\000o\000f\000\040\000A\000\040\000b\000u\000i\000l\000d\000\040\000t\000h\000e\000\040\000I\000n\000t\000e\000r\000i\000o\000r\000\040\000o\000f\000\040\000A}{subsection.2.9}% 94
\BOOKMARK [3][-]{exam.2.32}{\376\377\000E\000x\000a\000m\000p\000l\000e\000:\000\040\000C\000l\000o\000s\000u\000r\000e\000s\000\040\000a\000n\000d\000\040\000C\000l\000o\000s\000e\000d\000\040\000`\000`\000V\000e\000r\000s\000i\000o\000n\000s\000'\000'\000\040\000o\000f\000\040\000S\000e\000t\000s\000\040\000a\000r\000e\000\040\000I\000n\000e\000q\000u\000a\000l}{subsection.2.9}% 95
\BOOKMARK [3][-]{defn.2.18}{\376\377\000D\000e\000f\000i\000n\000i\000t\000i\000o\000n\000:\000\040\000S\000u\000b\000s\000e\000q\000u\000e\000n\000c\000e}{subsection.2.9}% 96
\BOOKMARK [3][-]{defn.2.19}{\376\377\000D\000e\000f\000i\000n\000i\000t\000i\000o\000n\000:\000\040\000B\000o\000u\000n\000d\000a\000r\000y}{subsection.2.9}% 97
\BOOKMARK [3][-]{defn.2.20}{\376\377\000D\000e\000f\000i\000n\000i\000t\000i\000o\000n\000:\000\040\000H\000a\000u\000s\000d\000o\000r\000f}{subsection.2.9}% 98
\BOOKMARK [2][-]{subsection.2.10}{\376\377\000A\000s\000s\000i\000g\000n\000m\000e\000n\000t\000s}{section.2}% 99
\BOOKMARK [3][-]{defn.2.21}{\376\377\000D\000e\000f\000i\000n\000i\000t\000i\000o\000n\000:\000\040\000S\000t\000r\000o\000n\000g\000l\000y\000\040\000E\000q\000u\000i\000v\000a\000l\000e\000n\000t\000\040\000M\000e\000t\000r\000i\000c\000s}{subsection.2.10}% 100
\BOOKMARK [3][-]{defn.2.22}{\376\377\000D\000e\000f\000i\000n\000i\000t\000i\000o\000n\000:\000\040\000E\000q\000u\000i\000v\000a\000l\000e\000n\000t\000\040\000M\000e\000t\000r\000i\000c\000s}{subsection.2.10}% 101
\BOOKMARK [3][-]{defn.2.23}{\376\377\000D\000e\000f\000i\000n\000i\000t\000i\000o\000n\000:\000\040\000D\000e\000n\000s\000e}{subsection.2.10}% 102
\BOOKMARK [3][-]{defn.2.24}{\376\377\000D\000e\000f\000i\000n\000i\000t\000i\000o\000n\000:\000\040\000S\000e\000p\000e\000r\000a\000b\000l\000e}{subsection.2.10}% 103
\BOOKMARK [3][-]{defn.2.25}{\376\377\000D\000e\000f\000i\000n\000i\000t\000i\000o\000n\000:\000\040\000B\000a\000s\000i\000s}{subsection.2.10}% 104
\BOOKMARK [3][-]{defn.2.26}{\376\377\000D\000e\000f\000i\000n\000i\000t\000i\000o\000n\000:\000\040\000S\000e\000c\000o\000n\000d\000\040\000C\000o\000u\000n\000t\000a\000b\000l\000e}{subsection.2.10}% 105
\BOOKMARK [1][-]{section.3}{\376\377\000C\000o\000n\000t\000i\000n\000u\000i\000t\000y}{}% 106
\BOOKMARK [2][-]{subsection.3.1}{\376\377\000C\000o\000n\000t\000i\000n\000u\000i\000t\000y}{section.3}% 107
\BOOKMARK [3][-]{defn.3.1}{\376\377\000D\000e\000f\000i\000n\000i\000t\000i\000o\000n\000:\000\040\000T\000o\000p\000o\000l\000o\000g\000i\000c\000\040\000C\000o\000n\000t\000i\000n\000u\000i\000t\000y}{subsection.3.1}% 108
\BOOKMARK [3][-]{prop.3.1}{\376\377\000P\000r\000o\000p\000o\000s\000i\000t\000i\000o\000n\000:\000\040\000C\000l\000o\000s\000e\000d\000n\000e\000s\000s\000\040\000a\000n\000d\000\040\000C\000o\000n\000t\000i\000n\000u\000i\000t\000y}{subsection.3.1}% 109
\BOOKMARK [3][-]{prop.3.2}{\376\377\000P\000r\000o\000p\000o\000s\000i\000t\000i\000o\000n\000:\000\040\000C\000o\000n\000t\000i\000n\000u\000i\000t\000y\000\040\000p\000r\000e\000s\000e\000r\000v\000e\000s\000\040\000C\000o\000n\000v\000e\000r\000g\000e\000n\000c\000e\000\040\000i\000n\000\040\000M\000e\000t\000r\000i\000c\000\040\000S\000p\000a\000c\000e\000s}{subsection.3.1}% 110
\BOOKMARK [2][-]{subsection.3.2}{\376\377\000B\000o\000u\000n\000d\000e\000d\000\040\000L\000i\000n\000e\000a\000r\000\040\000M\000a\000p\000s}{section.3}% 111
\BOOKMARK [3][-]{defn.3.2}{\376\377\000D\000e\000f\000i\000n\000i\000t\000i\000o\000n\000:\000\040\000O\000p\000e\000r\000a\000t\000o\000r\000\040\000N\000o\000r\000m\000,\000\040\000B\000o\000u\000n\000d\000e\000d\000\040\000L\000i\000n\000e\000a\000r\000\040\000M\000a\000p}{subsection.3.2}% 112
\BOOKMARK [3][-]{prop.3.4}{\376\377\000P\000r\000o\000p\000o\000s\000i\000t\000i\000o\000n\000:\000\040\000C\000o\000n\000t\000i\000n\000u\000o\000u\000s\000\040\000L\000i\000n\000e\000a\000r\000\040\000i\000f\000f\000\040\000B\000o\000u\000n\000d\000e\000d\000\040\000L\000i\000n\000e\000a\000r}{subsection.3.2}% 113
\BOOKMARK [2][-]{subsection.3.3}{\376\377\000M\000o\000r\000e\000\040\000C\000o\000n\000t\000i\000n\000u\000i\000t\000y}{section.3}% 114
\BOOKMARK [3][-]{defn.3.3}{\376\377\000D\000e\000f\000i\000n\000i\000t\000i\000o\000n\000:\000\040\000U\000n\000i\000f\000o\000r\000m\000\040\000C\000o\000n\000t\000i\000n\000u\000i\000t\000y}{subsection.3.3}% 115
\BOOKMARK [3][-]{defn.3.4}{\376\377\000D\000e\000f\000i\000n\000i\000t\000i\000o\000n\000:\000\040\000L\000i\000p\000s\000c\000h\000i\000t\000z}{subsection.3.3}% 116
\BOOKMARK [3][-]{prop.3.5}{\376\377\000P\000r\000o\000p\000o\000s\000i\000t\000i\000o\000n\000:\000\040\000L\000i\000p\000s\000c\000h\000i\000t\000z\000\040\000i\000m\000p\000l\000i\000e\000s\000\040\000U\000n\000i\000f\000o\000r\000m\000\040\000C\000o\000n\000t\000i\000n\000u\000o\000u\000s}{subsection.3.3}% 117
\BOOKMARK [2][-]{subsection.3.4}{\376\377\000I\000s\000o\000m\000o\000r\000p\000h\000i\000s\000m\000s}{section.3}% 118
\BOOKMARK [3][-]{defn.3.5}{\376\377\000D\000e\000f\000i\000n\000i\000t\000i\000o\000n\000:\000\040\000H\000o\000m\000e\000o\000m\000o\000r\000p\000h\000i\000s\000m}{subsection.3.4}% 119
\BOOKMARK [3][-]{defn.3.6}{\376\377\000D\000e\000f\000i\000n\000i\000t\000i\000o\000n\000:\000\040\000H\000o\000m\000e\000o\000m\000o\000r\000p\000h\000i\000c}{subsection.3.4}% 120
\BOOKMARK [3][-]{defn.3.7}{\376\377\000D\000e\000f\000i\000n\000i\000t\000i\000o\000n\000:\000\040\000I\000s\000o\000m\000e\000t\000r\000y}{subsection.3.4}% 121
\BOOKMARK [3][-]{defn.3.8}{\376\377\000D\000e\000f\000i\000n\000i\000t\000i\000o\000n\000:\000\040\000I\000s\000o\000m\000e\000t\000r\000i\000c\000\040\000I\000s\000o\000m\000o\000r\000p\000h\000i\000s\000m}{subsection.3.4}% 122
\BOOKMARK [3][-]{prop.3.6}{\376\377\000P\000r\000o\000p\000o\000s\000i\000t\000i\000o\000n\000:\000\040\000I\000s\000o\000m\000e\000t\000r\000i\000e\000s\000\040\000a\000r\000e\000\040\000C\000o\000n\000t\000i\000n\000u\000o\000u\000s\000\040\000a\000n\000d\000\040\000I\000n\000j\000e\000c\000t\000i\000v\000e}{subsection.3.4}% 123
\BOOKMARK [3][-]{prop.3.7}{\376\377\000P\000r\000o\000p\000o\000s\000i\000t\000i\000o\000n\000:\000\040\000I\000s\000o\000m\000e\000t\000r\000i\000c\000\040\000I\000s\000o\000m\000o\000r\000p\000h\000i\000s\000m\000s\000\040\000h\000a\000v\000e\000\040\000I\000s\000o\000m\000e\000t\000r\000i\000c\000\040\000I\000s\000o\000m\000o\000r\000p\000h\000i\000c\000\040\000I\000n\000v\000e\000r\000s\000e\000s}{subsection.3.4}% 124
\BOOKMARK [2][-]{subsection.3.5}{\376\377\000U\000r\000y\000s\000o\000h\000n\000'\000s\000\040\000L\000e\000m\000m\000a}{section.3}% 125
\BOOKMARK [3][-]{thm.3.1}{\376\377\000T\000h\000e\000o\000r\000e\000m\000:\000\040\000U\000r\000y\000s\000o\000h\000n\000'\000s\000\040\000L\000e\000m\000m\000a}{subsection.3.5}% 126
